<?xml version="1.0" encoding="UTF-8"?>
<testsuite xmlns:xsi="http://www.w3.org/2001/XMLSchema-instance" xsi:noNamespaceSchemaLocation="https://maven.apache.org/surefire/maven-surefire-plugin/xsd/surefire-test-report-3.0.xsd" version="3.0" name="udistrital.avanzada.taller.control.ControlEquiposTest" time="0.11" tests="9" errors="0" skipped="0" failures="0">
  <properties>
    <property name="java.specification.version" value="24"/>
    <property name="sun.cpu.isalist" value="amd64"/>
    <property name="sun.jnu.encoding" value="Cp1252"/>
    <property name="java.class.path" value="C:\Users\paisa\OneDrive\Desktop\Cosas Importantes Paula\Programación Avanzada\ArgollaLlanera\target\test-classes;C:\Users\paisa\OneDrive\Desktop\Cosas Importantes Paula\Programación Avanzada\ArgollaLlanera\target\classes;C:\Users\paisa\.m2\repository\org\netbeans\external\AbsoluteLayout\RELEASE250\AbsoluteLayout-RELEASE250.jar;C:\Users\paisa\.m2\repository\org\junit\jupiter\junit-jupiter-api\5.10.3\junit-jupiter-api-5.10.3.jar;C:\Users\paisa\.m2\repository\org\opentest4j\opentest4j\1.3.0\opentest4j-1.3.0.jar;C:\Users\paisa\.m2\repository\org\junit\platform\junit-platform-commons\1.10.3\junit-platform-commons-1.10.3.jar;C:\Users\paisa\.m2\repository\org\apiguardian\apiguardian-api\1.1.2\apiguardian-api-1.1.2.jar;C:\Users\paisa\.m2\repository\org\junit\jupiter\junit-jupiter-params\5.10.3\junit-jupiter-params-5.10.3.jar;C:\Users\paisa\.m2\repository\org\junit\jupiter\junit-jupiter-engine\5.10.3\junit-jupiter-engine-5.10.3.jar;C:\Users\paisa\.m2\repository\org\junit\platform\junit-platform-engine\1.10.3\junit-platform-engine-1.10.3.jar;"/>
    <property name="java.vm.vendor" value="Oracle Corporation"/>
    <property name="sun.arch.data.model" value="64"/>
    <property name="user.variant" value=""/>
    <property name="java.vendor.url" value="https://java.oracle.com/"/>
    <property name="user.timezone" value="America/Bogota"/>
    <property name="os.name" value="Windows 11"/>
    <property name="java.vm.specification.version" value="24"/>
    <property name="user.country" value="US"/>
    <property name="sun.java.launcher" value="SUN_STANDARD"/>
    <property name="sun.boot.library.path" value="C:\Program Files\Java\jdk-24\bin"/>
    <property name="sun.java.command" value="C:\Users\paisa\AppData\Local\Temp\surefire15732299651902466479\surefirebooter-20251007114236059_3.jar C:\Users\paisa\AppData\Local\Temp\surefire15732299651902466479 2025-10-07T11-42-35_922-jvmRun1 surefire-20251007114236059_1tmp surefire_0-20251007114236059_2tmp"/>
    <property name="jdk.debug" value="release"/>
    <property name="test" value="udistrital.avanzada.taller.control.ControlEquiposTest"/>
    <property name="surefire.test.class.path" value="C:\Users\paisa\OneDrive\Desktop\Cosas Importantes Paula\Programación Avanzada\ArgollaLlanera\target\test-classes;C:\Users\paisa\OneDrive\Desktop\Cosas Importantes Paula\Programación Avanzada\ArgollaLlanera\target\classes;C:\Users\paisa\.m2\repository\org\netbeans\external\AbsoluteLayout\RELEASE250\AbsoluteLayout-RELEASE250.jar;C:\Users\paisa\.m2\repository\org\junit\jupiter\junit-jupiter-api\5.10.3\junit-jupiter-api-5.10.3.jar;C:\Users\paisa\.m2\repository\org\opentest4j\opentest4j\1.3.0\opentest4j-1.3.0.jar;C:\Users\paisa\.m2\repository\org\junit\platform\junit-platform-commons\1.10.3\junit-platform-commons-1.10.3.jar;C:\Users\paisa\.m2\repository\org\apiguardian\apiguardian-api\1.1.2\apiguardian-api-1.1.2.jar;C:\Users\paisa\.m2\repository\org\junit\jupiter\junit-jupiter-params\5.10.3\junit-jupiter-params-5.10.3.jar;C:\Users\paisa\.m2\repository\org\junit\jupiter\junit-jupiter-engine\5.10.3\junit-jupiter-engine-5.10.3.jar;C:\Users\paisa\.m2\repository\org\junit\platform\junit-platform-engine\1.10.3\junit-platform-engine-1.10.3.jar;"/>
    <property name="sun.cpu.endian" value="little"/>
    <property name="user.home" value="C:\Users\paisa"/>
    <property name="user.language" value="en"/>
    <property name="java.specification.vendor" value="Oracle Corporation"/>
    <property name="java.version.date" value="2025-04-15"/>
    <property name="java.home" value="C:\Program Files\Java\jdk-24"/>
    <property name="file.separator" value="\"/>
    <property name="basedir" value="C:\Users\paisa\OneDrive\Desktop\Cosas Importantes Paula\Programación Avanzada\ArgollaLlanera"/>
    <property name="java.vm.compressedOopsMode" value="Zero based"/>
    <property name="line.separator" value="&#10;"/>
    <property name="java.vm.specification.vendor" value="Oracle Corporation"/>
    <property name="java.specification.name" value="Java Platform API Specification"/>
    <property name="surefire.real.class.path" value="C:\Users\paisa\AppData\Local\Temp\surefire15732299651902466479\surefirebooter-20251007114236059_3.jar"/>
    <property name="user.script" value=""/>
    <property name="sun.management.compiler" value="HotSpot 64-Bit Tiered Compilers"/>
    <property name="java.runtime.version" value="24.0.1+9-30"/>
    <property name="user.name" value="paisa"/>
    <property name="stdout.encoding" value="Cp1252"/>
    <property name="path.separator" value=";"/>
    <property name="os.version" value="10.0"/>
    <property name="java.runtime.name" value="Java(TM) SE Runtime Environment"/>
    <property name="file.encoding" value="UTF-8"/>
    <property name="java.vm.name" value="Java HotSpot(TM) 64-Bit Server VM"/>
    <property name="maven.ext.class.path" value="C:\Program Files\NetBeans-25\netbeans\java\maven-nblib\netbeans-eventspy.jar"/>
    <property name="localRepository" value="C:\Users\paisa\.m2\repository"/>
    <property name="java.vendor.url.bug" value="https://bugreport.java.com/bugreport/"/>
    <property name="java.io.tmpdir" value="C:\Users\paisa\AppData\Local\Temp\"/>
    <property name="java.version" value="24.0.1"/>
    <property name="user.dir" value="C:\Users\paisa\OneDrive\Desktop\Cosas Importantes Paula\Programación Avanzada\ArgollaLlanera"/>
    <property name="os.arch" value="amd64"/>
    <property name="java.vm.specification.name" value="Java Virtual Machine Specification"/>
    <property name="sun.os.patch.level" value=""/>
    <property name="native.encoding" value="Cp1252"/>
    <property name="java.library.path" value="C:\Program Files\Java\jdk-24\bin;C:\Windows\Sun\Java\bin;C:\Windows\system32;C:\Windows;C:\Program Files\Common Files\Oracle\Java\javapath;C:\Program Files (x86)\Common Files\Oracle\Java\java8path;C:\Program Files (x86)\Common Files\Oracle\Java\javapath;C:\Windows\system32;C:\Windows;C:\Windows\System32\Wbem;C:\Windows\System32\WindowsPowerShell\v1.0\;C:\Windows\System32\OpenSSH\;C:\Program Files\Calibre2\;C:\Program Files\Git\cmd;C:\Program Files\MySQL\MySQL Shell 8.0\bin\;C:\Users\paisa\AppData\Local\Microsoft\WindowsApps;C:\Users\paisa\AppData\Local\Programs\Microsoft VS Code\bin;."/>
    <property name="java.vm.info" value="mixed mode, sharing"/>
    <property name="stderr.encoding" value="Cp1252"/>
    <property name="java.vendor" value="Oracle Corporation"/>
    <property name="java.vm.version" value="24.0.1+9-30"/>
    <property name="sun.io.unicode.encoding" value="UnicodeLittle"/>
    <property name="java.class.version" value="68.0"/>
  </properties>
  <testcase name="testHaySuficientesJugadores" classname="udistrital.avanzada.taller.control.ControlEquiposTest" time="0.034">
    <system-out><![CDATA[=== INICIO DE LAS PRUEBAS DE CONTROLEQUIPOS ===
]]></system-out>
  </testcase>
  <testcase name="testCrearEquipoValido" classname="udistrital.avanzada.taller.control.ControlEquiposTest" time="0.003"/>
  <testcase name="testCrearEquipoConJugadoresInvalidos" classname="udistrital.avanzada.taller.control.ControlEquiposTest" time="0.004"/>
  <testcase name="testBuscarJugadorDisponible" classname="udistrital.avanzada.taller.control.ControlEquiposTest" time="0.001"/>
  <testcase name="testDeshacerEquipo" classname="udistrital.avanzada.taller.control.ControlEquiposTest" time="0.001"/>
  <testcase name="testLimpiarEquipos" classname="udistrital.avanzada.taller.control.ControlEquiposTest" time="0.001"/>
  <testcase name="testSetEquipos" classname="udistrital.avanzada.taller.control.ControlEquiposTest" time="0.002">
    <system-out><![CDATA[setEquipos
]]></system-out>
  </testcase>
  <testcase name="testSetJugadoresDisponibles" classname="udistrital.avanzada.taller.control.ControlEquiposTest" time="0.001">
    <system-out><![CDATA[setJugadoresDisponibles
]]></system-out>
  </testcase>
  <testcase name="testCrearEquipoSinNombre" classname="udistrital.avanzada.taller.control.ControlEquiposTest" time="0.003"/>
</testsuite>